[LOG] System::create                           : Header version = 2.00.08. Current version = 2.00.08.
[LOG] Manager::init                            : maxchannels = 256 studioflags = 00000006 flags 00000000 extradriverdata 0000000000000000.
[LOG] SystemI::init                            : Initialize version=20008 (108014), maxchannels=256, flags=0x00020000
[LOG] SystemI::setOutputInternal               : Setting output to 'FMOD WASAPI Output'
[LOG] OutputWASAPI::init                       : Mix Format (WAVEFORMATEX): wFormatTag=0xFFFE, nChannels=2, nSamplesPerSec=48000, nAvgBytesPerSec=384000, nBlockAlign=8, wBitsPerSample=32, cbSize=22.
[LOG] OutputWASAPI::init                       : Mix Format (WAVEFORMATEXTENSIBLE): wValidBitsPerSample=32, dwChannelMask=0x00000003, SubFormat=00000003-0000-0010-8000-00AA00389B71.
[LOG] OutputWASAPI::init                       : Output buffer size: 4096 samples, latency: 0.00ms, period: 10.00ms, DSP buffer: 1024 * 4
[LOG] Thread::initThread                       : Init FMOD stream thread. Priority: 2, Stack Size: 98304, Semaphore: No, Sleep Time: 10, Looping: Yes.
[LOG] Thread::initThread                       : Init FMOD mixer thread. Priority: 3, Stack Size: 81920, Semaphore: No, Sleep Time: 0, Looping: Yes.
[LOG] AsyncManager::init                       : manager 00000280A52E0338 isAsync 0 updatePeriod 0.02
[LOG] AsyncManager::init                       : done
[LOG] PlaybackSystem::init                     : 
[LOG] Thread::initThread                       : Init FMOD Studio sample load thread. Priority: 0, Stack Size: 98304, Semaphore: No, Sleep Time: 1, Looping: No.
[LOG] PlaybackSystem::init                     : done
[LOG] Thread::initThread                       : Init FMOD Studio bank load thread. Priority: 0, Stack Size: 98304, Semaphore: No, Sleep Time: 1, Looping: No.
[LOG] Manager::init                            : done.
[LOG] Manager::readBank                        : fileversion = 125, compatVersion = 119 (oldest = 44, newest = 125)
[LOG] Manager::readBank                        : fileversion = 125, compatVersion = 119 (oldest = 44, newest = 125)
[LOG] Manager::readBank                        : fileversion = 125, compatVersion = 119 (oldest = 44, newest = 125)
[LOG] PlaybackSystem::acquireMasterBus         : Setting master channel group format to 6
[LOG] Manager::readBank                        : fileversion = 125, compatVersion = 119 (oldest = 44, newest = 125)
[LOG] PlaybackSystem::acquireMasterBus         : Setting master channel group format to 6
[LOG] SystemI::createSoundInternal             : Create name='', mode=0x02000202
[LOG] SystemI::createSoundInternal             : exinfo->cbsize             = 224
[LOG] SystemI::createSoundInternal             : exinfo->length             = 114432
[LOG] SystemI::createSoundInternal             : exinfo->fileoffset         = 8288
[LOG] SystemI::createSoundInternal             : exinfo->numsubsounds       = 1
[LOG] SystemI::createSoundInternal             : exinfo->inclusionlist      = 000000F6621FF40C
[LOG] SystemI::createSoundInternal             : exinfo->inclusionlistnum   = 1
[LOG] SystemI::createSoundInternal             : exinfo->suggestedsoundtype = 5
[LOG] SystemI::createSoundInternal             : exinfo->useropen           = 00007FFAEB83C320
[LOG] SystemI::createSoundInternal             : exinfo->userclose          = 00007FFAEB83C2F0
[LOG] SystemI::createSoundInternal             : exinfo->userread           = 00007FFAEB83C3F0
[LOG] SystemI::createSoundInternal             : exinfo->userseek           = 00007FFAEB83C4B0
[LOG] SystemI::createSoundInternal             : exinfo->fileuserdata       = 00000280C38862A8
[LOG] SystemI::createSoundInternal             : exinfo->initialseekpostype = 1
[LOG] SystemI::DSPCodecPoolRegister            : register codec pool for pool type 5
[LOG] SystemI::createSoundInternal             : Sample 0/1: name='sx_uni_plr_footstep_stone_1', format=2, channels=2, frequency=48000, lengthbytes=1920, lengthpcm=8781, pcmblocksize=0, loopstart=0, loopend=0, mode=0x00000000, channelmask=0x00000000, channelorder=0, peakvolume=1.000000.
[LOG] SystemI::createSoundInternal             : Create name='', mode=0x02000202
[LOG] SystemI::createSoundInternal             : exinfo->cbsize             = 224
[LOG] SystemI::createSoundInternal             : exinfo->length             = 114432
[LOG] SystemI::createSoundInternal             : exinfo->fileoffset         = 8288
[LOG] SystemI::createSoundInternal             : exinfo->numsubsounds       = 1
[LOG] SystemI::createSoundInternal             : exinfo->inclusionlist      = 000000F6621FF40C
[LOG] SystemI::createSoundInternal             : exinfo->inclusionlistnum   = 1
[LOG] SystemI::createSoundInternal             : exinfo->suggestedsoundtype = 5
[LOG] SystemI::createSoundInternal             : exinfo->useropen           = 00007FFAEB83C320
[LOG] SystemI::createSoundInternal             : exinfo->userclose          = 00007FFAEB83C2F0
[LOG] SystemI::createSoundInternal             : exinfo->userread           = 00007FFAEB83C3F0
[LOG] SystemI::createSoundInternal             : exinfo->userseek           = 00007FFAEB83C4B0
[LOG] SystemI::createSoundInternal             : exinfo->fileuserdata       = 00000280C38862A8
[LOG] SystemI::createSoundInternal             : exinfo->initialseekpostype = 1
[LOG] SystemI::DSPCodecPoolRegister            : register codec pool for pool type 5
[LOG] SystemI::createSoundInternal             : Sample 0/1: name='sx_uni_plr_footstep_wood_4', format=2, channels=2, frequency=48000, lengthbytes=3232, lengthpcm=16338, pcmblocksize=0, loopstart=0, loopend=0, mode=0x00000000, channelmask=0x00000000, channelorder=0, peakvolume=0.999238.
[LOG] SystemI::createSoundInternal             : Create name='', mode=0x02000202
[LOG] SystemI::createSoundInternal             : exinfo->cbsize             = 224
[LOG] SystemI::createSoundInternal             : exinfo->length             = 114432
[LOG] SystemI::createSoundInternal             : exinfo->fileoffset         = 8288
[LOG] SystemI::createSoundInternal             : exinfo->numsubsounds       = 1
[LOG] SystemI::createSoundInternal             : exinfo->inclusionlist      = 000000F6621FF40C
[LOG] SystemI::createSoundInternal             : exinfo->inclusionlistnum   = 1
[LOG] SystemI::createSoundInternal             : exinfo->suggestedsoundtype = 5
[LOG] SystemI::createSoundInternal             : exinfo->useropen           = 00007FFAEB83C320
[LOG] SystemI::createSoundInternal             : exinfo->userclose          = 00007FFAEB83C2F0
[LOG] SystemI::createSoundInternal             : exinfo->userread           = 00007FFAEB83C3F0
[LOG] SystemI::createSoundInternal             : exinfo->userseek           = 00007FFAEB83C4B0
[LOG] SystemI::createSoundInternal             : exinfo->fileuserdata       = 00000280C38862A8
[LOG] SystemI::createSoundInternal             : exinfo->initialseekpostype = 1
[LOG] SystemI::DSPCodecPoolRegister            : register codec pool for pool type 5
[LOG] SystemI::createSoundInternal             : Sample 0/1: name='sx_uni_plr_footstep_stone_2', format=2, channels=2, frequency=48000, lengthbytes=2432, lengthpcm=10599, pcmblocksize=0, loopstart=0, loopend=0, mode=0x00000000, channelmask=0x00000000, channelorder=0, peakvolume=0.999743.
[LOG] SystemI::createSoundInternal             : Create name='', mode=0x02000202
[LOG] SystemI::createSoundInternal             : exinfo->cbsize             = 224
[LOG] SystemI::createSoundInternal             : exinfo->length             = 114432
[LOG] SystemI::createSoundInternal             : exinfo->fileoffset         = 8288
[LOG] SystemI::createSoundInternal             : exinfo->numsubsounds       = 1
[LOG] SystemI::createSoundInternal             : exinfo->inclusionlist      = 000000F6621FF40C
[LOG] SystemI::createSoundInternal             : exinfo->inclusionlistnum   = 1
[LOG] SystemI::createSoundInternal             : exinfo->suggestedsoundtype = 5
[LOG] SystemI::createSoundInternal             : exinfo->useropen           = 00007FFAEB83C320
[LOG] SystemI::createSoundInternal             : exinfo->userclose          = 00007FFAEB83C2F0
[LOG] SystemI::createSoundInternal             : exinfo->userread           = 00007FFAEB83C3F0
[LOG] SystemI::createSoundInternal             : exinfo->userseek           = 00007FFAEB83C4B0
[LOG] SystemI::createSoundInternal             : exinfo->fileuserdata       = 00000280C38862A8
[LOG] SystemI::createSoundInternal             : exinfo->initialseekpostype = 1
[LOG] SystemI::DSPCodecPoolRegister            : register codec pool for pool type 5
[LOG] SystemI::createSoundInternal             : Sample 0/1: name='sx_uni_plr_footstep_carpet_1', format=2, channels=2, frequency=48000, lengthbytes=3232, lengthpcm=16394, pcmblocksize=0, loopstart=0, loopend=0, mode=0x00000000, channelmask=0x00000000, channelorder=0, peakvolume=1.000000.
[LOG] SystemI::createSoundInternal             : Create name='', mode=0x02000202
[LOG] SystemI::createSoundInternal             : exinfo->cbsize             = 224
[LOG] SystemI::createSoundInternal             : exinfo->length             = 114432
[LOG] SystemI::createSoundInternal             : exinfo->fileoffset         = 8288
[LOG] SystemI::createSoundInternal             : exinfo->numsubsounds       = 1
[LOG] SystemI::createSoundInternal             : exinfo->inclusionlist      = 000000F6621FF40C
[LOG] SystemI::createSoundInternal             : exinfo->inclusionlistnum   = 1
[LOG] SystemI::createSoundInternal             : exinfo->suggestedsoundtype = 5
[LOG] SystemI::createSoundInternal             : exinfo->useropen           = 00007FFAEB83C320
[LOG] SystemI::createSoundInternal             : exinfo->userclose          = 00007FFAEB83C2F0
[LOG] SystemI::createSoundInternal             : exinfo->userread           = 00007FFAEB83C3F0
[LOG] SystemI::createSoundInternal             : exinfo->userseek           = 00007FFAEB83C4B0
[LOG] SystemI::createSoundInternal             : exinfo->fileuserdata       = 00000280C38862A8
[LOG] SystemI::createSoundInternal             : exinfo->initialseekpostype = 1
[LOG] SystemI::DSPCodecPoolRegister            : register codec pool for pool type 5
[LOG] SystemI::createSoundInternal             : Sample 0/1: name='sx_uni_plr_footstep_carpet_3', format=2, channels=2, frequency=48000, lengthbytes=3616, lengthpcm=17941, pcmblocksize=0, loopstart=0, loopend=0, mode=0x00000000, channelmask=0x00000000, channelorder=0, peakvolume=0.997554.
[LOG] SystemI::createSoundInternal             : Create name='', mode=0x02000202
[LOG] SystemI::createSoundInternal             : exinfo->cbsize             = 224
[LOG] SystemI::createSoundInternal             : exinfo->length             = 114432
[LOG] SystemI::createSoundInternal             : exinfo->fileoffset         = 8288
[LOG] SystemI::createSoundInternal             : exinfo->numsubsounds       = 1
[LOG] SystemI::createSoundInternal             : exinfo->inclusionlist      = 000000F6621FF40C
[LOG] SystemI::createSoundInternal             : exinfo->inclusionlistnum   = 1
[LOG] SystemI::createSoundInternal             : exinfo->suggestedsoundtype = 5
[LOG] SystemI::createSoundInternal             : exinfo->useropen           = 00007FFAEB83C320
[LOG] SystemI::createSoundInternal             : exinfo->userclose          = 00007FFAEB83C2F0
[LOG] SystemI::createSoundInternal             : exinfo->userread           = 00007FFAEB83C3F0
[LOG] SystemI::createSoundInternal             : exinfo->userseek           = 00007FFAEB83C4B0
[LOG] SystemI::createSoundInternal             : exinfo->fileuserdata       = 00000280C38862A8
[LOG] SystemI::createSoundInternal             : exinfo->initialseekpostype = 1
[LOG] SystemI::DSPCodecPoolRegister            : register codec pool for pool type 5
[LOG] SystemI::createSoundInternal             : Sample 0/1: name='sx_uni_plr_footstep_wood_2', format=2, channels=2, frequency=48000, lengthbytes=3488, lengthpcm=16201, pcmblocksize=0, loopstart=0, loopend=0, mode=0x00000000, channelmask=0x00000000, channelorder=0, peakvolume=0.998434.
[LOG] SystemI::createSoundInternal             : Create name='', mode=0x02000202
[LOG] SystemI::createSoundInternal             : exinfo->cbsize             = 224
[LOG] SystemI::createSoundInternal             : exinfo->length             = 114432
[LOG] SystemI::createSoundInternal             : exinfo->fileoffset         = 8288
[LOG] SystemI::createSoundInternal             : exinfo->numsubsounds       = 1
[LOG] SystemI::createSoundInternal             : exinfo->inclusionlist      = 000000F6621FF40C
[LOG] SystemI::createSoundInternal             : exinfo->inclusionlistnum   = 1
[LOG] SystemI::createSoundInternal             : exinfo->suggestedsoundtype = 5
[LOG] SystemI::createSoundInternal             : exinfo->useropen           = 00007FFAEB83C320
[LOG] SystemI::createSoundInternal             : exinfo->userclose          = 00007FFAEB83C2F0
[LOG] SystemI::createSoundInternal             : exinfo->userread           = 00007FFAEB83C3F0
[LOG] SystemI::createSoundInternal             : exinfo->userseek           = 00007FFAEB83C4B0
[LOG] SystemI::createSoundInternal             : exinfo->fileuserdata       = 00000280C38862A8
[LOG] SystemI::createSoundInternal             : exinfo->initialseekpostype = 1
[LOG] SystemI::DSPCodecPoolRegister            : register codec pool for pool type 5
[LOG] SystemI::createSoundInternal             : Sample 0/1: name='sx_uni_plr_footstep_carpet_2', format=2, channels=2, frequency=48000, lengthbytes=3584, lengthpcm=17283, pcmblocksize=0, loopstart=0, loopend=0, mode=0x00000000, channelmask=0x00000000, channelorder=0, peakvolume=1.000000.
[LOG] SystemI::createSoundInternal             : Create name='', mode=0x02000202
[LOG] SystemI::createSoundInternal             : exinfo->cbsize             = 224
[LOG] SystemI::createSoundInternal             : exinfo->length             = 114432
[LOG] SystemI::createSoundInternal             : exinfo->fileoffset         = 8288
[LOG] SystemI::createSoundInternal             : exinfo->numsubsounds       = 1
[LOG] SystemI::createSoundInternal             : exinfo->inclusionlist      = 000000F6621FF40C
[LOG] SystemI::createSoundInternal             : exinfo->inclusionlistnum   = 1
[LOG] SystemI::createSoundInternal             : exinfo->suggestedsoundtype = 5
[LOG] SystemI::createSoundInternal             : exinfo->useropen           = 00007FFAEB83C320
[LOG] SystemI::createSoundInternal             : exinfo->userclose          = 00007FFAEB83C2F0
[LOG] SystemI::createSoundInternal             : exinfo->userread           = 00007FFAEB83C3F0
[LOG] SystemI::createSoundInternal             : exinfo->userseek           = 00007FFAEB83C4B0
[LOG] SystemI::createSoundInternal             : exinfo->fileuserdata       = 00000280C38862A8
[LOG] SystemI::createSoundInternal             : exinfo->initialseekpostype = 1
[LOG] SystemI::DSPCodecPoolRegister            : register codec pool for pool type 5
[LOG] SystemI::createSoundInternal             : Sample 0/1: name='sx_uni_plr_footstep_wood_3', format=2, channels=2, frequency=48000, lengthbytes=2816, lengthpcm=13294, pcmblocksize=0, loopstart=0, loopend=0, mode=0x00000000, channelmask=0x00000000, channelorder=0, peakvolume=1.000000.
[LOG] SystemI::createSoundInternal             : Create name='', mode=0x02000202
[LOG] SystemI::createSoundInternal             : exinfo->cbsize             = 224
[LOG] SystemI::createSoundInternal             : exinfo->length             = 114432
[LOG] SystemI::createSoundInternal             : exinfo->fileoffset         = 8288
[LOG] SystemI::createSoundInternal             : exinfo->numsubsounds       = 1
[LOG] SystemI::createSoundInternal             : exinfo->inclusionlist      = 000000F6621FF40C
[LOG] SystemI::createSoundInternal             : exinfo->inclusionlistnum   = 1
[LOG] SystemI::createSoundInternal             : exinfo->suggestedsoundtype = 5
[LOG] SystemI::createSoundInternal             : exinfo->useropen           = 00007FFAEB83C320
[LOG] SystemI::createSoundInternal             : exinfo->userclose          = 00007FFAEB83C2F0
[LOG] SystemI::createSoundInternal             : exinfo->userread           = 00007FFAEB83C3F0
[LOG] SystemI::createSoundInternal             : exinfo->userseek           = 00007FFAEB83C4B0
[LOG] SystemI::createSoundInternal             : exinfo->fileuserdata       = 00000280C38862A8
[LOG] SystemI::createSoundInternal             : exinfo->initialseekpostype = 1
[LOG] SystemI::DSPCodecPoolRegister            : register codec pool for pool type 5
[LOG] SystemI::createSoundInternal             : Sample 0/1: name='sx_uni_plr_footstep_wood_1', format=2, channels=2, frequency=48000, lengthbytes=3200, lengthpcm=15118, pcmblocksize=0, loopstart=0, loopend=0, mode=0x00000000, channelmask=0x00000000, channelorder=0, peakvolume=0.999972.
[LOG] SystemI::createSoundInternal             : Create name='', mode=0x02000202
[LOG] SystemI::createSoundInternal             : exinfo->cbsize             = 224
[LOG] SystemI::createSoundInternal             : exinfo->length             = 114432
[LOG] SystemI::createSoundInternal             : exinfo->fileoffset         = 8288
[LOG] SystemI::createSoundInternal             : exinfo->numsubsounds       = 1
[LOG] SystemI::createSoundInternal             : exinfo->inclusionlist      = 000000F6621FF40C
[LOG] SystemI::createSoundInternal             : exinfo->inclusionlistnum   = 1
[LOG] SystemI::createSoundInternal             : exinfo->suggestedsoundtype = 5
[LOG] SystemI::createSoundInternal             : exinfo->useropen           = 00007FFAEB83C320
[LOG] SystemI::createSoundInternal             : exinfo->userclose          = 00007FFAEB83C2F0
[LOG] SystemI::createSoundInternal             : exinfo->userread           = 00007FFAEB83C3F0
[LOG] SystemI::createSoundInternal             : exinfo->userseek           = 00007FFAEB83C4B0
[LOG] SystemI::createSoundInternal             : exinfo->fileuserdata       = 00000280C38862A8
[LOG] SystemI::createSoundInternal             : exinfo->initialseekpostype = 1
[LOG] SystemI::DSPCodecPoolRegister            : register codec pool for pool type 5
[LOG] SystemI::createSoundInternal             : Sample 0/1: name='sx_uni_plr_footstep_stone_4', format=2, channels=2, frequency=48000, lengthbytes=2880, lengthpcm=13827, pcmblocksize=0, loopstart=0, loopend=0, mode=0x00000000, channelmask=0x00000000, channelorder=0, peakvolume=1.000000.
[LOG] SystemI::createSoundInternal             : Create name='', mode=0x02000202
[LOG] SystemI::createSoundInternal             : exinfo->cbsize             = 224
[LOG] SystemI::createSoundInternal             : exinfo->length             = 114432
[LOG] SystemI::createSoundInternal             : exinfo->fileoffset         = 8288
[LOG] SystemI::createSoundInternal             : exinfo->numsubsounds       = 1
[LOG] SystemI::createSoundInternal             : exinfo->inclusionlist      = 000000F6621FF40C
[LOG] SystemI::createSoundInternal             : exinfo->inclusionlistnum   = 1
[LOG] SystemI::createSoundInternal             : exinfo->suggestedsoundtype = 5
[LOG] SystemI::createSoundInternal             : exinfo->useropen           = 00007FFAEB83C320
[LOG] SystemI::createSoundInternal             : exinfo->userclose          = 00007FFAEB83C2F0
[LOG] SystemI::createSoundInternal             : exinfo->userread           = 00007FFAEB83C3F0
[LOG] SystemI::createSoundInternal             : exinfo->userseek           = 00007FFAEB83C4B0
[LOG] SystemI::createSoundInternal             : exinfo->fileuserdata       = 00000280C38862A8
[LOG] SystemI::createSoundInternal             : exinfo->initialseekpostype = 1
[LOG] SystemI::DSPCodecPoolRegister            : register codec pool for pool type 5
[LOG] SystemI::createSoundInternal             : Sample 0/1: name='sx_uni_plr_footstep_stone_3', format=2, channels=2, frequency=48000, lengthbytes=1888, lengthpcm=8869, pcmblocksize=0, loopstart=0, loopend=0, mode=0x00000000, channelmask=0x00000000, channelorder=0, peakvolume=1.000000.
[LOG] SystemI::createSoundInternal             : Create name='', mode=0x02000202
[LOG] SystemI::createSoundInternal             : exinfo->cbsize             = 224
[LOG] SystemI::createSoundInternal             : exinfo->length             = 114432
[LOG] SystemI::createSoundInternal             : exinfo->fileoffset         = 8288
[LOG] SystemI::createSoundInternal             : exinfo->numsubsounds       = 1
[LOG] SystemI::createSoundInternal             : exinfo->inclusionlist      = 000000F6621FF40C
[LOG] SystemI::createSoundInternal             : exinfo->inclusionlistnum   = 1
[LOG] SystemI::createSoundInternal             : exinfo->suggestedsoundtype = 5
[LOG] SystemI::createSoundInternal             : exinfo->useropen           = 00007FFAEB83C320
[LOG] SystemI::createSoundInternal             : exinfo->userclose          = 00007FFAEB83C2F0
[LOG] SystemI::createSoundInternal             : exinfo->userread           = 00007FFAEB83C3F0
[LOG] SystemI::createSoundInternal             : exinfo->userseek           = 00007FFAEB83C4B0
[LOG] SystemI::createSoundInternal             : exinfo->fileuserdata       = 00000280C38862A8
[LOG] SystemI::createSoundInternal             : exinfo->initialseekpostype = 1
[LOG] SystemI::DSPCodecPoolRegister            : register codec pool for pool type 5
[LOG] SystemI::createSoundInternal             : Sample 0/1: name='sx_uni_plr_footstep_carpet_4', format=2, channels=2, frequency=48000, lengthbytes=3488, lengthpcm=16999, pcmblocksize=0, loopstart=0, loopend=0, mode=0x00000000, channelmask=0x00000000, channelorder=0, peakvolume=0.993749.
[LOG] SoundI::release                          :  (00000280A4B58D48)
[LOG] SoundI::release                          :     sx_uni_plr_footstep_stone_1 (00000280FB9374D8)
[LOG] SoundI::release                          :  (00000280A4B58EB8)
[LOG] SoundI::release                          :     sx_uni_plr_footstep_stone_2 (00000280A28828C8)
[LOG] SoundI::release                          :  (00000280A4B584A8)
[LOG] SoundI::release                          :     sx_uni_plr_footstep_stone_3 (00000280C3E8AD28)
[LOG] SoundI::release                          :  (00000280A4B588F8)
[LOG] SoundI::release                          :     sx_uni_plr_footstep_stone_4 (00000280C3E8B208)
[LOG] SoundI::release                          :  (00000280A4B571F8)
[LOG] SoundI::release                          :     sx_uni_plr_footstep_carpet_1 (00000280AD85B448)
[LOG] SoundI::release                          :  (00000280A4B58338)
[LOG] SoundI::release                          :     sx_uni_plr_footstep_carpet_2 (000002809F2DFBD8)
[LOG] SoundI::release                          :  (00000280A4B58A68)
[LOG] SoundI::release                          :     sx_uni_plr_footstep_carpet_3 (000002809F357038)
[LOG] SoundI::release                          :  (00000280A4B58618)
[LOG] SoundI::release                          :     sx_uni_plr_footstep_carpet_4 (00000280C3E8B3A8)
[LOG] SoundI::release                          :  (00000280A4B57088)
[LOG] SoundI::release                          :     sx_uni_plr_footstep_wood_1 (00000280C3E86748)
[LOG] SoundI::release                          :  (00000280A4B574D8)
[LOG] SoundI::release                          :     sx_uni_plr_footstep_wood_2 (00000280AD8575D8)
[LOG] SoundI::release                          :  (00000280A4B577B8)
[LOG] SoundI::release                          :     sx_uni_plr_footstep_wood_3 (00000280A427BA28)
[LOG] SoundI::release                          :  (00000280A4B57928)
[LOG] SoundI::release                          :     sx_uni_plr_footstep_wood_4 (00000280A2881BC8)
[LOG] Thread::callback                         : FMOD Studio bank load thread finished.
[LOG] Thread::callback                         : FMOD Studio sample load thread finished.
[LOG] LiveUpdate::release                      : 
[LOG] LiveUpdate::reset                        : Reset connection (reason Disconnected)
[LOG] Thread::callback                         : FMOD stream thread finished.
[LOG] Thread::callback                         : FMOD mixer thread finished.
[LOG] SystemI::close                           : Closed.
